  stdafx.cpp
  animation.cpp
  battle.cpp
  bullets.cpp
c:\users\wltjq\desktop\1945_strikers-master\1945_strikers\bullets.cpp(40): warning C4244: '=': 'int'에서 'float'(으)로 변환하면서 데이터가 손실될 수 있습니다.
c:\users\wltjq\desktop\1945_strikers-master\1945_strikers\bullets.cpp(45): warning C4244: '인수': 'float'에서 'int'(으)로 변환하면서 데이터가 손실될 수 있습니다.
c:\users\wltjq\desktop\1945_strikers-master\1945_strikers\bullets.cpp(61): warning C4244: '인수': 'float'에서 'int'(으)로 변환하면서 데이터가 손실될 수 있습니다.
c:\users\wltjq\desktop\1945_strikers-master\1945_strikers\bullets.cpp(140): warning C4244: '인수': 'float'에서 'int'(으)로 변환하면서 데이터가 손실될 수 있습니다.
c:\users\wltjq\desktop\1945_strikers-master\1945_strikers\bullets.cpp(152): warning C4244: '인수': 'float'에서 'int'(으)로 변환하면서 데이터가 손실될 수 있습니다.
c:\users\wltjq\desktop\1945_strikers-master\1945_strikers\bullets.cpp(227): warning C4244: '인수': 'float'에서 'int'(으)로 변환하면서 데이터가 손실될 수 있습니다.
c:\users\wltjq\desktop\1945_strikers-master\1945_strikers\bullets.cpp(241): warning C4244: '인수': 'float'에서 'int'(으)로 변환하면서 데이터가 손실될 수 있습니다.
c:\users\wltjq\desktop\1945_strikers-master\1945_strikers\bullets.cpp(277): warning C4244: '인수': 'float'에서 'int'(으)로 변환하면서 데이터가 손실될 수 있습니다.
c:\users\wltjq\desktop\1945_strikers-master\1945_strikers\bullets.cpp(304): warning C4244: '인수': 'float'에서 'int'(으)로 변환하면서 데이터가 손실될 수 있습니다.
c:\users\wltjq\desktop\1945_strikers-master\1945_strikers\bullets.cpp(329): warning C4244: '인수': 'float'에서 'int'(으)로 변환하면서 데이터가 손실될 수 있습니다.
c:\users\wltjq\desktop\1945_strikers-master\1945_strikers\bullets.cpp(363): warning C4244: '인수': 'float'에서 'int'(으)로 변환하면서 데이터가 손실될 수 있습니다.
c:\users\wltjq\desktop\1945_strikers-master\1945_strikers\bullets.cpp(392): warning C4244: '인수': 'float'에서 'int'(으)로 변환하면서 데이터가 손실될 수 있습니다.
c:\users\wltjq\desktop\1945_strikers-master\1945_strikers\bullets.cpp(404): warning C4244: '인수': 'float'에서 'int'(으)로 변환하면서 데이터가 손실될 수 있습니다.
c:\users\wltjq\desktop\1945_strikers-master\1945_strikers\bullets.cpp(440): warning C4244: '인수': 'float'에서 'int'(으)로 변환하면서 데이터가 손실될 수 있습니다.
c:\users\wltjq\desktop\1945_strikers-master\1945_strikers\bullets.cpp(464): warning C4244: '인수': 'float'에서 'int'(으)로 변환하면서 데이터가 손실될 수 있습니다.
c:\users\wltjq\desktop\1945_strikers-master\1945_strikers\bullets.cpp(514): warning C4244: '인수': 'float'에서 'int'(으)로 변환하면서 데이터가 손실될 수 있습니다.
c:\users\wltjq\desktop\1945_strikers-master\1945_strikers\bullets.cpp(556): warning C4244: '인수': 'float'에서 'int'(으)로 변환하면서 데이터가 손실될 수 있습니다.
c:\users\wltjq\desktop\1945_strikers-master\1945_strikers\bullets.cpp(566): warning C4244: '인수': 'float'에서 'int'(으)로 변환하면서 데이터가 손실될 수 있습니다.
c:\users\wltjq\desktop\1945_strikers-master\1945_strikers\bullets.cpp(597): warning C4244: '인수': 'float'에서 'int'(으)로 변환하면서 데이터가 손실될 수 있습니다.
c:\users\wltjq\desktop\1945_strikers-master\1945_strikers\bullets.cpp(622): warning C4244: '인수': 'float'에서 'int'(으)로 변환하면서 데이터가 손실될 수 있습니다.
c:\users\wltjq\desktop\1945_strikers-master\1945_strikers\bullets.cpp(634): warning C4244: '인수': 'float'에서 'int'(으)로 변환하면서 데이터가 손실될 수 있습니다.
c:\users\wltjq\desktop\1945_strikers-master\1945_strikers\bullets.cpp(666): warning C4244: '인수': 'float'에서 'int'(으)로 변환하면서 데이터가 손실될 수 있습니다.
c:\users\wltjq\desktop\1945_strikers-master\1945_strikers\bullets.cpp(691): warning C4244: '인수': 'float'에서 'int'(으)로 변환하면서 데이터가 손실될 수 있습니다.
c:\users\wltjq\desktop\1945_strikers-master\1945_strikers\bullets.cpp(703): warning C4244: '인수': 'float'에서 'int'(으)로 변환하면서 데이터가 손실될 수 있습니다.
c:\users\wltjq\desktop\1945_strikers-master\1945_strikers\bullets.cpp(734): warning C4244: '인수': 'float'에서 'int'(으)로 변환하면서 데이터가 손실될 수 있습니다.
c:\users\wltjq\desktop\1945_strikers-master\1945_strikers\bullets.cpp(759): warning C4244: '인수': 'float'에서 'int'(으)로 변환하면서 데이터가 손실될 수 있습니다.
c:\users\wltjq\desktop\1945_strikers-master\1945_strikers\bullets.cpp(771): warning C4244: '인수': 'float'에서 'int'(으)로 변환하면서 데이터가 손실될 수 있습니다.
c:\users\wltjq\desktop\1945_strikers-master\1945_strikers\bullets.cpp(804): warning C4244: '인수': 'float'에서 'int'(으)로 변환하면서 데이터가 손실될 수 있습니다.
c:\users\wltjq\desktop\1945_strikers-master\1945_strikers\bullets.cpp(871): warning C4244: '인수': 'float'에서 'int'(으)로 변환하면서 데이터가 손실될 수 있습니다.
c:\users\wltjq\desktop\1945_strikers-master\1945_strikers\bullets.cpp(887): warning C4244: '인수': 'float'에서 'int'(으)로 변환하면서 데이터가 손실될 수 있습니다.
  collision.cpp
c:\users\wltjq\desktop\1945_strikers-master\1945_strikers\collision.cpp(167): warning C4244: '=': 'float'에서 'LONG'(으)로 변환하면서 데이터가 손실될 수 있습니다.
c:\users\wltjq\desktop\1945_strikers-master\1945_strikers\collision.cpp(168): warning C4244: '=': 'float'에서 'LONG'(으)로 변환하면서 데이터가 손실될 수 있습니다.
c:\users\wltjq\desktop\1945_strikers-master\1945_strikers\collision.cpp(169): warning C4244: '=': 'float'에서 'LONG'(으)로 변환하면서 데이터가 손실될 수 있습니다.
c:\users\wltjq\desktop\1945_strikers-master\1945_strikers\collision.cpp(170): warning C4244: '=': 'float'에서 'LONG'(으)로 변환하면서 데이터가 손실될 수 있습니다.
  effect.cpp
  effectManager.cpp
  enemy.cpp
c:\users\wltjq\desktop\1945_strikers-master\1945_strikers\enemy.cpp(700): warning C4244: '+=': 'float'에서 'int'(으)로 변환하면서 데이터가 손실될 수 있습니다.
c:\users\wltjq\desktop\1945_strikers-master\1945_strikers\enemy.cpp(718): warning C4244: '+=': 'float'에서 'int'(으)로 변환하면서 데이터가 손실될 수 있습니다.
c:\users\wltjq\desktop\1945_strikers-master\1945_strikers\enemy.cpp(725): warning C4244: '+=': 'float'에서 'int'(으)로 변환하면서 데이터가 손실될 수 있습니다.
c:\users\wltjq\desktop\1945_strikers-master\1945_strikers\enemy.cpp(730): warning C4244: '+=': 'float'에서 'int'(으)로 변환하면서 데이터가 손실될 수 있습니다.
c:\users\wltjq\desktop\1945_strikers-master\1945_strikers\enemy.cpp(731): warning C4244: '+=': 'float'에서 'int'(으)로 변환하면서 데이터가 손실될 수 있습니다.
c:\users\wltjq\desktop\1945_strikers-master\1945_strikers\enemy.cpp(750): warning C4244: '+=': 'float'에서 'int'(으)로 변환하면서 데이터가 손실될 수 있습니다.
c:\users\wltjq\desktop\1945_strikers-master\1945_strikers\enemy.cpp(757): warning C4244: '-=': 'float'에서 'int'(으)로 변환하면서 데이터가 손실될 수 있습니다.
c:\users\wltjq\desktop\1945_strikers-master\1945_strikers\enemy.cpp(762): warning C4244: '+=': 'float'에서 'int'(으)로 변환하면서 데이터가 손실될 수 있습니다.
c:\users\wltjq\desktop\1945_strikers-master\1945_strikers\enemy.cpp(763): warning C4244: '-=': 'float'에서 'int'(으)로 변환하면서 데이터가 손실될 수 있습니다.
c:\users\wltjq\desktop\1945_strikers-master\1945_strikers\enemy.cpp(782): warning C4244: '+=': 'float'에서 'int'(으)로 변환하면서 데이터가 손실될 수 있습니다.
c:\users\wltjq\desktop\1945_strikers-master\1945_strikers\enemy.cpp(787): warning C4244: '-=': 'float'에서 'int'(으)로 변환하면서 데이터가 손실될 수 있습니다.
c:\users\wltjq\desktop\1945_strikers-master\1945_strikers\enemy.cpp(796): warning C4244: '+=': 'float'에서 'int'(으)로 변환하면서 데이터가 손실될 수 있습니다.
c:\users\wltjq\desktop\1945_strikers-master\1945_strikers\enemy.cpp(813): warning C4244: '+=': 'float'에서 'int'(으)로 변환하면서 데이터가 손실될 수 있습니다.
c:\users\wltjq\desktop\1945_strikers-master\1945_strikers\enemy.cpp(818): warning C4244: '-=': 'float'에서 'int'(으)로 변환하면서 데이터가 손실될 수 있습니다.
c:\users\wltjq\desktop\1945_strikers-master\1945_strikers\enemy.cpp(827): warning C4244: '+=': 'float'에서 'int'(으)로 변환하면서 데이터가 손실될 수 있습니다.
  enemyBoss.cpp
c:\users\wltjq\desktop\1945_strikers-master\1945_strikers\enemyboss.cpp(25): warning C4244: '인수': 'float'에서 'int'(으)로 변환하면서 데이터가 손실될 수 있습니다.
c:\users\wltjq\desktop\1945_strikers-master\1945_strikers\enemyboss.cpp(50): warning C4244: '인수': 'float'에서 'int'(으)로 변환하면서 데이터가 손실될 수 있습니다.
c:\users\wltjq\desktop\1945_strikers-master\1945_strikers\enemyboss.cpp(75): warning C4244: '인수': 'float'에서 'int'(으)로 변환하면서 데이터가 손실될 수 있습니다.
c:\users\wltjq\desktop\1945_strikers-master\1945_strikers\enemyboss.cpp(97): warning C4244: '인수': 'float'에서 'int'(으)로 변환하면서 데이터가 손실될 수 있습니다.
  enemyJuneBoss.cpp
c:\users\wltjq\desktop\1945_strikers-master\1945_strikers\enemyjuneboss.cpp(13): warning C4244: '인수': 'float'에서 'int'(으)로 변환하면서 데이터가 손실될 수 있습니다.
c:\users\wltjq\desktop\1945_strikers-master\1945_strikers\enemyjuneboss.cpp(46): warning C4244: '인수': 'float'에서 'int'(으)로 변환하면서 데이터가 손실될 수 있습니다.
c:\users\wltjq\desktop\1945_strikers-master\1945_strikers\enemyjuneboss.cpp(62): warning C4244: '인수': 'float'에서 'int'(으)로 변환하면서 데이터가 손실될 수 있습니다.
  gameNode.cpp
c:\users\wltjq\desktop\1945_strikers-master\1945_strikers\gamenode.cpp(100): warning C4244: '=': 'float'에서 'LONG'(으)로 변환하면서 데이터가 손실될 수 있습니다.
c:\users\wltjq\desktop\1945_strikers-master\1945_strikers\gamenode.cpp(101): warning C4244: '=': 'float'에서 'LONG'(으)로 변환하면서 데이터가 손실될 수 있습니다.
c:\users\wltjq\desktop\1945_strikers-master\1945_strikers\gamenode.cpp(94): warning C4101: 'hdc' :참조되지 않은 지역 변수입니다.
c:\users\wltjq\desktop\1945_strikers-master\1945_strikers\gamenode.cpp(93): warning C4101: 'ps' :참조되지 않은 지역 변수입니다.
  image.cpp
c:\users\wltjq\desktop\1945_strikers-master\1945_strikers\image.cpp(69): warning C4267: '초기화 중': 'size_t'에서 'int'(으)로 변환하면서 데이터가 손실될 수 있습니다.
c:\users\wltjq\desktop\1945_strikers-master\1945_strikers\image.cpp(142): warning C4267: '초기화 중': 'size_t'에서 'int'(으)로 변환하면서 데이터가 손실될 수 있습니다.
c:\users\wltjq\desktop\1945_strikers-master\1945_strikers\image.cpp(212): warning C4267: '초기화 중': 'size_t'에서 'int'(으)로 변환하면서 데이터가 손실될 수 있습니다.
c:\users\wltjq\desktop\1945_strikers-master\1945_strikers\image.cpp(294): warning C4244: '인수': 'float'에서 'int'(으)로 변환하면서 데이터가 손실될 수 있습니다.
c:\users\wltjq\desktop\1945_strikers-master\1945_strikers\image.cpp(293): warning C4244: '인수': 'float'에서 'int'(으)로 변환하면서 데이터가 손실될 수 있습니다.
c:\users\wltjq\desktop\1945_strikers-master\1945_strikers\image.cpp(308): warning C4244: '인수': 'float'에서 'int'(으)로 변환하면서 데이터가 손실될 수 있습니다.
c:\users\wltjq\desktop\1945_strikers-master\1945_strikers\image.cpp(307): warning C4244: '인수': 'float'에서 'int'(으)로 변환하면서 데이터가 손실될 수 있습니다.
c:\users\wltjq\desktop\1945_strikers-master\1945_strikers\image.cpp(529): warning C4244: '인수': 'float'에서 'int'(으)로 변환하면서 데이터가 손실될 수 있습니다.
c:\users\wltjq\desktop\1945_strikers-master\1945_strikers\image.cpp(537): warning C4244: '인수': 'float'에서 'int'(으)로 변환하면서 데이터가 손실될 수 있습니다.
c:\users\wltjq\desktop\1945_strikers-master\1945_strikers\image.cpp(585): warning C4244: '초기화 중': 'double'에서 'int'(으)로 변환하면서 데이터가 손실될 수 있습니다.
c:\users\wltjq\desktop\1945_strikers-master\1945_strikers\image.cpp(593): warning C4244: '=': 'float'에서 'LONG'(으)로 변환하면서 데이터가 손실될 수 있습니다.
c:\users\wltjq\desktop\1945_strikers-master\1945_strikers\image.cpp(594): warning C4244: '=': 'float'에서 'LONG'(으)로 변환하면서 데이터가 손실될 수 있습니다.
c:\users\wltjq\desktop\1945_strikers-master\1945_strikers\image.cpp(620): warning C4244: '인수': 'float'에서 'int'(으)로 변환하면서 데이터가 손실될 수 있습니다.
c:\users\wltjq\desktop\1945_strikers-master\1945_strikers\image.cpp(619): warning C4244: '인수': 'float'에서 'int'(으)로 변환하면서 데이터가 손실될 수 있습니다.
  imageManager.cpp
  item.cpp
c:\users\wltjq\desktop\1945_strikers-master\1945_strikers\item.cpp(21): warning C4244: '인수': 'float'에서 'int'(으)로 변환하면서 데이터가 손실될 수 있습니다.
c:\users\wltjq\desktop\1945_strikers-master\1945_strikers\item.cpp(38): warning C4244: '인수': 'float'에서 'int'(으)로 변환하면서 데이터가 손실될 수 있습니다.
c:\users\wltjq\desktop\1945_strikers-master\1945_strikers\item.cpp(55): warning C4244: '인수': 'float'에서 'int'(으)로 변환하면서 데이터가 손실될 수 있습니다.
c:\users\wltjq\desktop\1945_strikers-master\1945_strikers\item.cpp(106): warning C4244: '인수': 'float'에서 'int'(으)로 변환하면서 데이터가 손실될 수 있습니다.
c:\users\wltjq\desktop\1945_strikers-master\1945_strikers\item.cpp(131): warning C4244: '인수': 'float'에서 'int'(으)로 변환하면서 데이터가 손실될 수 있습니다.
c:\users\wltjq\desktop\1945_strikers-master\1945_strikers\item.cpp(151): warning C4244: '인수': 'float'에서 'int'(으)로 변환하면서 데이터가 손실될 수 있습니다.
c:\users\wltjq\desktop\1945_strikers-master\1945_strikers\item.cpp(180): warning C4244: '인수': 'float'에서 'int'(으)로 변환하면서 데이터가 손실될 수 있습니다.
c:\users\wltjq\desktop\1945_strikers-master\1945_strikers\item.cpp(199): warning C4244: '인수': 'float'에서 'int'(으)로 변환하면서 데이터가 손실될 수 있습니다.
c:\users\wltjq\desktop\1945_strikers-master\1945_strikers\item.cpp(216): warning C4244: '인수': 'float'에서 'int'(으)로 변환하면서 데이터가 손실될 수 있습니다.
  keyManager.cpp
  mainGameScene.cpp
c:\users\wltjq\desktop\1945_strikers-master\1945_strikers\maingamescene.cpp(46): warning C4244: '인수': 'int'에서 'float'(으)로 변환하면서 데이터가 손실될 수 있습니다.
c:\users\wltjq\desktop\1945_strikers-master\1945_strikers\maingamescene.cpp(117): warning C4244: '인수': 'float'에서 'int'(으)로 변환하면서 데이터가 손실될 수 있습니다.
c:\users\wltjq\desktop\1945_strikers-master\1945_strikers\maingamescene.cpp(118): warning C4244: '인수': 'float'에서 'int'(으)로 변환하면서 데이터가 손실될 수 있습니다.
c:\users\wltjq\desktop\1945_strikers-master\1945_strikers\maingamescene.cpp(123): warning C4244: '인수': 'float'에서 'int'(으)로 변환하면서 데이터가 손실될 수 있습니다.
c:\users\wltjq\desktop\1945_strikers-master\1945_strikers\maingamescene.cpp(124): warning C4244: '인수': 'float'에서 'int'(으)로 변환하면서 데이터가 손실될 수 있습니다.
c:\users\wltjq\desktop\1945_strikers-master\1945_strikers\maingamescene.cpp(129): warning C4244: '인수': 'float'에서 'int'(으)로 변환하면서 데이터가 손실될 수 있습니다.
c:\users\wltjq\desktop\1945_strikers-master\1945_strikers\maingamescene.cpp(130): warning C4244: '인수': 'float'에서 'int'(으)로 변환하면서 데이터가 손실될 수 있습니다.
c:\users\wltjq\desktop\1945_strikers-master\1945_strikers\maingamescene.cpp(246): warning C4244: '인수': 'LONG'에서 'float'(으)로 변환하면서 데이터가 손실될 수 있습니다.
c:\users\wltjq\desktop\1945_strikers-master\1945_strikers\maingamescene.cpp(259): warning C4244: '인수': 'int'에서 'float'(으)로 변환하면서 데이터가 손실될 수 있습니다.
c:\users\wltjq\desktop\1945_strikers-master\1945_strikers\maingamescene.cpp(258): warning C4244: '인수': 'LONG'에서 'float'(으)로 변환하면서 데이터가 손실될 수 있습니다.
c:\users\wltjq\desktop\1945_strikers-master\1945_strikers\maingamescene.cpp(323): warning C4244: '인수': 'int'에서 'float'(으)로 변환하면서 데이터가 손실될 수 있습니다.
c:\users\wltjq\desktop\1945_strikers-master\1945_strikers\maingamescene.cpp(322): warning C4244: '인수': 'int'에서 'float'(으)로 변환하면서 데이터가 손실될 수 있습니다.
c:\users\wltjq\desktop\1945_strikers-master\1945_strikers\maingamescene.cpp(337): warning C4244: '인수': 'int'에서 'float'(으)로 변환하면서 데이터가 손실될 수 있습니다.
c:\users\wltjq\desktop\1945_strikers-master\1945_strikers\maingamescene.cpp(336): warning C4244: '인수': 'int'에서 'float'(으)로 변환하면서 데이터가 손실될 수 있습니다.
c:\users\wltjq\desktop\1945_strikers-master\1945_strikers\maingamescene.cpp(359): warning C4244: '인수': 'int'에서 'float'(으)로 변환하면서 데이터가 손실될 수 있습니다.
c:\users\wltjq\desktop\1945_strikers-master\1945_strikers\maingamescene.cpp(358): warning C4244: '인수': 'int'에서 'float'(으)로 변환하면서 데이터가 손실될 수 있습니다.
c:\users\wltjq\desktop\1945_strikers-master\1945_strikers\maingamescene.cpp(380): warning C4244: '인수': 'int'에서 'float'(으)로 변환하면서 데이터가 손실될 수 있습니다.
c:\users\wltjq\desktop\1945_strikers-master\1945_strikers\maingamescene.cpp(393): warning C4244: '인수': 'int'에서 'float'(으)로 변환하면서 데이터가 손실될 수 있습니다.
c:\users\wltjq\desktop\1945_strikers-master\1945_strikers\maingamescene.cpp(422): warning C4244: '인수': 'int'에서 'float'(으)로 변환하면서 데이터가 손실될 수 있습니다.
c:\users\wltjq\desktop\1945_strikers-master\1945_strikers\maingamescene.cpp(428): warning C4244: '인수': 'int'에서 'float'(으)로 변환하면서 데이터가 손실될 수 있습니다.
c:\users\wltjq\desktop\1945_strikers-master\1945_strikers\maingamescene.cpp(429): warning C4244: '인수': 'int'에서 'float'(으)로 변환하면서 데이터가 손실될 수 있습니다.
c:\users\wltjq\desktop\1945_strikers-master\1945_strikers\maingamescene.cpp(435): warning C4244: '인수': 'int'에서 'float'(으)로 변환하면서 데이터가 손실될 수 있습니다.
c:\users\wltjq\desktop\1945_strikers-master\1945_strikers\maingamescene.cpp(436): warning C4244: '인수': 'int'에서 'float'(으)로 변환하면서 데이터가 손실될 수 있습니다.
c:\users\wltjq\desktop\1945_strikers-master\1945_strikers\maingamescene.cpp(437): warning C4244: '인수': 'int'에서 'float'(으)로 변환하면서 데이터가 손실될 수 있습니다.
c:\users\wltjq\desktop\1945_strikers-master\1945_strikers\maingamescene.cpp(473): warning C4244: '인수': 'int'에서 'float'(으)로 변환하면서 데이터가 손실될 수 있습니다.
c:\users\wltjq\desktop\1945_strikers-master\1945_strikers\maingamescene.cpp(494): warning C4244: '인수': 'int'에서 'float'(으)로 변환하면서 데이터가 손실될 수 있습니다.
c:\users\wltjq\desktop\1945_strikers-master\1945_strikers\maingamescene.cpp(495): warning C4244: '인수': 'int'에서 'float'(으)로 변환하면서 데이터가 손실될 수 있습니다.
c:\users\wltjq\desktop\1945_strikers-master\1945_strikers\maingamescene.cpp(689): warning C4244: '인수': 'int'에서 'float'(으)로 변환하면서 데이터가 손실될 수 있습니다.
c:\users\wltjq\desktop\1945_strikers-master\1945_strikers\maingamescene.cpp(693): warning C4244: '인수': 'int'에서 'float'(으)로 변환하면서 데이터가 손실될 수 있습니다.
c:\users\wltjq\desktop\1945_strikers-master\1945_strikers\maingamescene.cpp(715): warning C4244: '인수': 'int'에서 'float'(으)로 변환하면서 데이터가 손실될 수 있습니다.
c:\users\wltjq\desktop\1945_strikers-master\1945_strikers\maingamescene.cpp(719): warning C4244: '인수': 'int'에서 'float'(으)로 변환하면서 데이터가 손실될 수 있습니다.
c:\users\wltjq\desktop\1945_strikers-master\1945_strikers\maingamescene.cpp(742): warning C4244: '인수': 'int'에서 'float'(으)로 변환하면서 데이터가 손실될 수 있습니다.
c:\users\wltjq\desktop\1945_strikers-master\1945_strikers\maingamescene.cpp(746): warning C4244: '인수': 'int'에서 'float'(으)로 변환하면서 데이터가 손실될 수 있습니다.
c:\users\wltjq\desktop\1945_strikers-master\1945_strikers\maingamescene.cpp(764): warning C4244: '인수': 'int'에서 'float'(으)로 변환하면서 데이터가 손실될 수 있습니다.
c:\users\wltjq\desktop\1945_strikers-master\1945_strikers\maingamescene.cpp(768): warning C4244: '인수': 'int'에서 'float'(으)로 변환하면서 데이터가 손실될 수 있습니다.
c:\users\wltjq\desktop\1945_strikers-master\1945_strikers\maingamescene.cpp(810): warning C4244: '인수': 'int'에서 'float'(으)로 변환하면서 데이터가 손실될 수 있습니다.
c:\users\wltjq\desktop\1945_strikers-master\1945_strikers\maingamescene.cpp(814): warning C4244: '인수': 'int'에서 'float'(으)로 변환하면서 데이터가 손실될 수 있습니다.
c:\users\wltjq\desktop\1945_strikers-master\1945_strikers\maingamescene.cpp(835): warning C4244: '인수': 'int'에서 'float'(으)로 변환하면서 데이터가 손실될 수 있습니다.
c:\users\wltjq\desktop\1945_strikers-master\1945_strikers\maingamescene.cpp(839): warning C4244: '인수': 'int'에서 'float'(으)로 변환하면서 데이터가 손실될 수 있습니다.
c:\users\wltjq\desktop\1945_strikers-master\1945_strikers\maingamescene.cpp(861): warning C4244: '인수': 'int'에서 'float'(으)로 변환하면서 데이터가 손실될 수 있습니다.
c:\users\wltjq\desktop\1945_strikers-master\1945_strikers\maingamescene.cpp(865): warning C4244: '인수': 'int'에서 'float'(으)로 변환하면서 데이터가 손실될 수 있습니다.
c:\users\wltjq\desktop\1945_strikers-master\1945_strikers\maingamescene.cpp(883): warning C4244: '인수': 'int'에서 'float'(으)로 변환하면서 데이터가 손실될 수 있습니다.
c:\users\wltjq\desktop\1945_strikers-master\1945_strikers\maingamescene.cpp(887): warning C4244: '인수': 'int'에서 'float'(으)로 변환하면서 데이터가 손실될 수 있습니다.
c:\users\wltjq\desktop\1945_strikers-master\1945_strikers\maingamescene.cpp(927): warning C4244: '인수': 'int'에서 'float'(으)로 변환하면서 데이터가 손실될 수 있습니다.
c:\users\wltjq\desktop\1945_strikers-master\1945_strikers\maingamescene.cpp(931): warning C4244: '인수': 'int'에서 'float'(으)로 변환하면서 데이터가 손실될 수 있습니다.
c:\users\wltjq\desktop\1945_strikers-master\1945_strikers\maingamescene.cpp(952): warning C4244: '인수': 'int'에서 'float'(으)로 변환하면서 데이터가 손실될 수 있습니다.
c:\users\wltjq\desktop\1945_strikers-master\1945_strikers\maingamescene.cpp(956): warning C4244: '인수': 'int'에서 'float'(으)로 변환하면서 데이터가 손실될 수 있습니다.
c:\users\wltjq\desktop\1945_strikers-master\1945_strikers\maingamescene.cpp(978): warning C4244: '인수': 'int'에서 'float'(으)로 변환하면서 데이터가 손실될 수 있습니다.
c:\users\wltjq\desktop\1945_strikers-master\1945_strikers\maingamescene.cpp(982): warning C4244: '인수': 'int'에서 'float'(으)로 변환하면서 데이터가 손실될 수 있습니다.
c:\users\wltjq\desktop\1945_strikers-master\1945_strikers\maingamescene.cpp(1000): warning C4244: '인수': 'int'에서 'float'(으)로 변환하면서 데이터가 손실될 수 있습니다.
c:\users\wltjq\desktop\1945_strikers-master\1945_strikers\maingamescene.cpp(1004): warning C4244: '인수': 'int'에서 'float'(으)로 변환하면서 데이터가 손실될 수 있습니다.
c:\users\wltjq\desktop\1945_strikers-master\1945_strikers\maingamescene.cpp(1027): warning C4244: '인수': 'int'에서 'float'(으)로 변환하면서 데이터가 손실될 수 있습니다.
c:\users\wltjq\desktop\1945_strikers-master\1945_strikers\maingamescene.cpp(1031): warning C4244: '인수': 'int'에서 'float'(으)로 변환하면서 데이터가 손실될 수 있습니다.
c:\users\wltjq\desktop\1945_strikers-master\1945_strikers\maingamescene.cpp(1053): warning C4244: '인수': 'int'에서 'float'(으)로 변환하면서 데이터가 손실될 수 있습니다.
c:\users\wltjq\desktop\1945_strikers-master\1945_strikers\maingamescene.cpp(1057): warning C4244: '인수': 'int'에서 'float'(으)로 변환하면서 데이터가 손실될 수 있습니다.
c:\users\wltjq\desktop\1945_strikers-master\1945_strikers\maingamescene.cpp(1079): warning C4244: '인수': 'int'에서 'float'(으)로 변환하면서 데이터가 손실될 수 있습니다.
c:\users\wltjq\desktop\1945_strikers-master\1945_strikers\maingamescene.cpp(1083): warning C4244: '인수': 'int'에서 'float'(으)로 변환하면서 데이터가 손실될 수 있습니다.
c:\users\wltjq\desktop\1945_strikers-master\1945_strikers\maingamescene.cpp(1120): warning C4244: '인수': 'int'에서 'float'(으)로 변환하면서 데이터가 손실될 수 있습니다.
c:\users\wltjq\desktop\1945_strikers-master\1945_strikers\maingamescene.cpp(1124): warning C4244: '인수': 'int'에서 'float'(으)로 변환하면서 데이터가 손실될 수 있습니다.
c:\users\wltjq\desktop\1945_strikers-master\1945_strikers\maingamescene.cpp(1147): warning C4244: '인수': 'int'에서 'float'(으)로 변환하면서 데이터가 손실될 수 있습니다.
c:\users\wltjq\desktop\1945_strikers-master\1945_strikers\maingamescene.cpp(1151): warning C4244: '인수': 'int'에서 'float'(으)로 변환하면서 데이터가 손실될 수 있습니다.
c:\users\wltjq\desktop\1945_strikers-master\1945_strikers\maingamescene.cpp(1173): warning C4244: '인수': 'int'에서 'float'(으)로 변환하면서 데이터가 손실될 수 있습니다.
c:\users\wltjq\desktop\1945_strikers-master\1945_strikers\maingamescene.cpp(1177): warning C4244: '인수': 'int'에서 'float'(으)로 변환하면서 데이터가 손실될 수 있습니다.
c:\users\wltjq\desktop\1945_strikers-master\1945_strikers\maingamescene.cpp(1199): warning C4244: '인수': 'int'에서 'float'(으)로 변환하면서 데이터가 손실될 수 있습니다.
c:\users\wltjq\desktop\1945_strikers-master\1945_strikers\maingamescene.cpp(1203): warning C4244: '인수': 'int'에서 'float'(으)로 변환하면서 데이터가 손실될 수 있습니다.
c:\users\wltjq\desktop\1945_strikers-master\1945_strikers\maingamescene.cpp(1220): warning C4244: '인수': 'int'에서 'float'(으)로 변환하면서 데이터가 손실될 수 있습니다.
c:\users\wltjq\desktop\1945_strikers-master\1945_strikers\maingamescene.cpp(1224): warning C4244: '인수': 'int'에서 'float'(으)로 변환하면서 데이터가 손실될 수 있습니다.
c:\users\wltjq\desktop\1945_strikers-master\1945_strikers\maingamescene.cpp(1267): warning C4244: '인수': 'float'에서 'int'(으)로 변환하면서 데이터가 손실될 수 있습니다.
c:\users\wltjq\desktop\1945_strikers-master\1945_strikers\maingamescene.cpp(1291): warning C4244: '인수': 'float'에서 'int'(으)로 변환하면서 데이터가 손실될 수 있습니다.
c:\users\wltjq\desktop\1945_strikers-master\1945_strikers\maingamescene.cpp(1314): warning C4244: '인수': 'float'에서 'int'(으)로 변환하면서 데이터가 손실될 수 있습니다.
c:\users\wltjq\desktop\1945_strikers-master\1945_strikers\maingamescene.cpp(1341): warning C4244: '인수': 'float'에서 'int'(으)로 변환하면서 데이터가 손실될 수 있습니다.
  playGround.cpp
  player.cpp
c:\users\wltjq\desktop\1945_strikers-master\1945_strikers\player.cpp(85): warning C4244: '-=': 'float'에서 'int'(으)로 변환하면서 데이터가 손실될 수 있습니다.
c:\users\wltjq\desktop\1945_strikers-master\1945_strikers\player.cpp(90): warning C4244: '+=': 'float'에서 'int'(으)로 변환하면서 데이터가 손실될 수 있습니다.
c:\users\wltjq\desktop\1945_strikers-master\1945_strikers\player.cpp(95): warning C4244: '-=': 'float'에서 'int'(으)로 변환하면서 데이터가 손실될 수 있습니다.
c:\users\wltjq\desktop\1945_strikers-master\1945_strikers\player.cpp(100): warning C4244: '+=': 'float'에서 'int'(으)로 변환하면서 데이터가 손실될 수 있습니다.
  progressBar.cpp
c:\users\wltjq\desktop\1945_strikers-master\1945_strikers\progressbar.cpp(19): warning C4244: '인수': 'float'에서 'int'(으)로 변환하면서 데이터가 손실될 수 있습니다.
c:\users\wltjq\desktop\1945_strikers-master\1945_strikers\progressbar.cpp(25): warning C4244: '=': 'int'에서 'float'(으)로 변환하면서 데이터가 손실될 수 있습니다.
c:\users\wltjq\desktop\1945_strikers-master\1945_strikers\progressbar.cpp(36): warning C4244: '인수': 'float'에서 'int'(으)로 변환하면서 데이터가 손실될 수 있습니다.
c:\users\wltjq\desktop\1945_strikers-master\1945_strikers\progressbar.cpp(45): warning C4244: '인수': 'float'에서 'int'(으)로 변환하면서 데이터가 손실될 수 있습니다.
c:\users\wltjq\desktop\1945_strikers-master\1945_strikers\progressbar.cpp(53): warning C4244: '인수': 'float'에서 'int'(으)로 변환하면서 데이터가 손실될 수 있습니다.
c:\users\wltjq\desktop\1945_strikers-master\1945_strikers\progressbar.cpp(51): warning C4244: '인수': 'float'에서 'int'(으)로 변환하면서 데이터가 손실될 수 있습니다.
  sceneManager.cpp
  ship.cpp
c:\users\wltjq\desktop\1945_strikers-master\1945_strikers\ship.cpp(18): warning C4244: '=': 'int'에서 'float'(으)로 변환하면서 데이터가 손실될 수 있습니다.
c:\users\wltjq\desktop\1945_strikers-master\1945_strikers\ship.cpp(19): warning C4244: '=': 'int'에서 'float'(으)로 변환하면서 데이터가 손실될 수 있습니다.
c:\users\wltjq\desktop\1945_strikers-master\1945_strikers\ship.cpp(22): warning C4244: '인수': 'float'에서 'int'(으)로 변환하면서 데이터가 손실될 수 있습니다.
c:\users\wltjq\desktop\1945_strikers-master\1945_strikers\ship.cpp(25): warning C4244: '=': 'int'에서 'float'(으)로 변환하면서 데이터가 손실될 수 있습니다.
c:\users\wltjq\desktop\1945_strikers-master\1945_strikers\ship.cpp(50): warning C4267: '인수': 'size_t'에서 'int'(으)로 변환하면서 데이터가 손실될 수 있습니다.
c:\users\wltjq\desktop\1945_strikers-master\1945_strikers\ship.cpp(95): warning C4244: '인수': 'float'에서 'int'(으)로 변환하면서 데이터가 손실될 수 있습니다.
  코드를 생성하고 있습니다...
c:\users\wltjq\desktop\1945_strikers-master\1945_strikers\collision.cpp(82): warning C4715: 'TTYONE_UTIL::checkPointInCircle': 모든 제어 경로에서 값을 반환하지는 않습니다.
  컴파일하고 있습니다...
  soundManager.cpp
  spaceScene.cpp
  startBackGround.cpp
  timeManager.cpp
c:\users\wltjq\desktop\1945_strikers-master\1945_strikers\timemanager.cpp(39): warning C4101: 'str' :참조되지 않은 지역 변수입니다.
  timer.cpp
c:\users\wltjq\desktop\1945_strikers-master\1945_strikers\timer.cpp(61): warning C4244: '=': 'float'에서 'unsigned long'(으)로 변환하면서 데이터가 손실될 수 있습니다.
  txtData.cpp
  utils.cpp
  windowsAPI.cpp
c:\users\wltjq\desktop\1945_strikers-master\1945_strikers\windowsapi.cpp(98): warning C4244: 'return': 'WPARAM'에서 'int'(으)로 변환하면서 데이터가 손실될 수 있습니다.
  코드를 생성하고 있습니다...
c:\users\wltjq\desktop\1945_strikers-master\1945_strikers\txtdata.cpp(58): warning C4172: 지역 변수 또는 임시: str의 주소를 반환하고 있습니다.
  windowsAPI.vcxproj -> C:\Users\wltjq\Desktop\1945_Strikers-master\1945_Strikers\x64\Debug\windowsAPI.exe
